<?xml version="1.0" encoding="utf-8"?><testsuites><testsuite name="pytest" errors="0" failures="0" skipped="1" tests="1" time="171.958" timestamp="2024-01-07T18:44:37.155227" hostname="localhost"><testcase classname="long.way.to.test_puppet.TestPuppet" name="test_tiger" time="1.835"><skipped type="pytest.xfail" message="The tiger doesn't want to be a puppet" /></testcase></testsuite></testsuites>